{"/Users/mark.fairhurst/dev/node-ts/src/index.ts": {"path":"/Users/mark.fairhurst/dev/node-ts/src/index.ts","statementMap":{"0":{"start":{"line":1,"column":19},"end":{"line":3,"column":1}},"1":{"start":{"line":2,"column":2},"end":{"line":2,"column":15}},"2":{"start":{"line":1,"column":13},"end":{"line":1,"column":19}},"3":{"start":{"line":5,"column":0},"end":{"line":7,"column":5}},"4":{"start":{"line":5,"column":12},"end":{"line":7,"column":2}},"5":{"start":{"line":6,"column":2},"end":{"line":6,"column":25}}},"fnMap":{"0":{"name":"(anonymous_7)","decl":{"start":{"line":1,"column":19},"end":{"line":1,"column":20}},"loc":{"start":{"line":1,"column":52},"end":{"line":3,"column":1}}},"1":{"name":"(anonymous_8)","decl":{"start":{"line":5,"column":1},"end":{"line":5,"column":10}},"loc":{"start":{"line":5,"column":12},"end":{"line":7,"column":2}}},"2":{"name":"(anonymous_9)","decl":{"start":{"line":5,"column":12},"end":{"line":5,"column":null}},"loc":{"start":{"line":5,"column":12},"end":{"line":7,"column":1}}}},"branchMap":{},"s":{"0":1,"1":2,"2":1,"3":1,"4":1,"5":1},"f":{"0":2,"1":1,"2":1},"b":{}}
}
